# JRE version: Java(TM) SE Runtime Environment (8.0_271-b09) (build 1.8.0_271-b09)
# Java VM: Java HotSpot(TM) 64-Bit Server VM (25.271-b09 mixed mode windows-amd64 compressed oops)
Heap:
 garbage-first heap   total 5144576K, used 190477K [0x0000000620000000, 0x00000006220004e8, 0x00000007c0000000)
  region size 32768K, 1 young (32768K), 1 survivors (32768K)
 Metaspace       used 40895K, capacity 43964K, committed 44388K, reserved 1087488K
  class space    used 6068K, capacity 6919K, committed 7012K, reserved 1048576K
GC Heap History (10 events):
Event: 14.720 GC heap after
Heap after GC invocations=24 (full 0):
 garbage-first heap   total 1572864K, used 181678K [0x0000000620000000, 0x0000000622000180, 0x00000007c0000000)
  region size 32768K, 1 young (32768K), 1 survivors (32768K)
 Metaspace       used 40790K, capacity 43858K, committed 44132K, reserved 1087488K
  class space    used 6051K, capacity 6898K, committed 7012K, reserved 1048576K
}
Event: 14.939 GC heap before
{Heap before GC invocations=24 (full 0):
 garbage-first heap   total 1572864K, used 279982K [0x0000000620000000, 0x0000000622000180, 0x00000007c0000000)
  region size 32768K, 4 young (131072K), 1 survivors (32768K)
 Metaspace       used 40834K, capacity 43878K, committed 44132K, reserved 1087488K
  class space    used 6058K, capacity 6908K, committed 7012K, reserved 1048576K
Event: 14.967 GC heap after
Heap after GC invocations=25 (full 0):
 garbage-first heap   total 2621440K, used 188713K [0x0000000620000000, 0x0000000622000280, 0x00000007c0000000)
  region size 32768K, 1 young (32768K), 1 survivors (32768K)
 Metaspace       used 40834K, capacity 43878K, committed 44132K, reserved 1087488K
  class space    used 6058K, capacity 6908K, committed 7012K, reserved 1048576K
}
Event: 15.166 GC heap before
{Heap before GC invocations=25 (full 0):
 garbage-first heap   total 2621440K, used 287017K [0x0000000620000000, 0x0000000622000280, 0x00000007c0000000)
  region size 32768K, 4 young (131072K), 1 survivors (32768K)
 Metaspace       used 40852K, capacity 43886K, committed 44388K, reserved 1087488K
  class space    used 6061K, capacity 6912K, committed 7012K, reserved 1048576K
Event: 16.043 GC heap after
Heap after GC invocations=26 (full 0):
 garbage-first heap   total 3473408K, used 192964K [0x0000000620000000, 0x0000000622000350, 0x00000007c0000000)
  region size 32768K, 1 young (32768K), 1 survivors (32768K)
 Metaspace       used 40852K, capacity 43886K, committed 44388K, reserved 1087488K
  class space    used 6061K, capacity 6912K, committed 7012K, reserved 1048576K
}
Event: 16.189 GC heap before
{Heap before GC invocations=26 (full 0):
 garbage-first heap   total 3473408K, used 291268K [0x0000000620000000, 0x0000000622000350, 0x00000007c0000000)
  region size 32768K, 4 young (131072K), 1 survivors (32768K)
 Metaspace       used 40859K, capacity 43890K, committed 44388K, reserved 1087488K
  class space    used 6064K, capacity 6914K, committed 7012K, reserved 1048576K
Event: 16.288 GC heap after
Heap after GC invocations=27 (full 0):
 garbage-first heap   total 4161536K, used 185521K [0x0000000620000000, 0x00000006220003f8, 0x00000007c0000000)
  region size 32768K, 1 young (32768K), 1 survivors (32768K)
 Metaspace       used 40859K, capacity 43890K, committed 44388K, reserved 1087488K
  class space    used 6064K, capacity 6914K, committed 7012K, reserved 1048576K
}
Event: 16.489 GC heap before
{Heap before GC invocations=27 (full 0):
 garbage-first heap   total 4161536K, used 283825K [0x0000000620000000, 0x00000006220003f8, 0x00000007c0000000)
  region size 32768K, 4 young (131072K), 1 survivors (32768K)
 Metaspace       used 40884K, capacity 43964K, committed 44388K, reserved 1087488K
  class space    used 6067K, capacity 6919K, committed 7012K, reserved 1048576K
Event: 16.585 GC heap after
Heap after GC invocations=28 (full 0):
 garbage-first heap   total 4718592K, used 195657K [0x0000000620000000, 0x0000000622000480, 0x00000007c0000000)
  region size 32768K, 1 young (32768K), 1 survivors (32768K)
 Metaspace       used 40884K, capacity 43964K, committed 44388K, reserved 1087488K
  class space    used 6067K, capacity 6919K, committed 7012K, reserved 1048576K
}
Event: 16.802 GC heap before
{Heap before GC invocations=28 (full 0):
 garbage-first heap   total 4718592K, used 293961K [0x0000000620000000, 0x0000000622000480, 0x00000007c0000000)
  region size 32768K, 4 young (131072K), 1 survivors (32768K)
 Metaspace       used 40895K, capacity 43964K, committed 44388K, reserved 1087488K
  class space    used 6068K, capacity 6919K, committed 7012K, reserved 1048576K

